2023-12-26 09:36:39 [main] INFO  org.example.Main - New client connected 127.0.0.1
2023-12-26 09:36:45 [Thread-0] INFO  org.example.ConnectionProcess - [LOGIN, {"username":"abc","password":"abc"}]
2023-12-26 09:36:46 [Thread-0] INFO  org.example.ConnectionProcess - [LOGIN, {"username":"abc","password":"abc"}]
2023-12-26 09:36:46 [Thread-0] INFO  org.example.ConnectionProcess - [LOGIN, {"username":"abc","password":"abc"}]
2023-12-26 09:36:46 [Thread-0] INFO  org.example.ConnectionProcess - [LOGIN, {"username":"abc","password":"abc"}]
2023-12-26 09:36:46 [Thread-0] INFO  org.example.ConnectionProcess - [LOGIN, {"username":"abc","password":"abc"}]
2023-12-26 09:36:46 [Thread-0] INFO  org.example.ConnectionProcess - [LOGIN, {"username":"abc","password":"abc"}]
2023-12-26 09:36:47 [Thread-0] INFO  org.example.ConnectionProcess - [LOGIN, {"username":"abc","password":"abc"}]
2023-12-26 09:36:47 [Thread-0] INFO  org.example.ConnectionProcess - [LOGIN, {"username":"abc","password":"abc"}]
2023-12-26 09:36:47 [Thread-0] INFO  org.example.ConnectionProcess - [LOGIN, {"username":"abc","password":"abc"}]
2023-12-26 09:36:47 [Thread-0] INFO  org.example.ConnectionProcess - [LOGIN, {"username":"abc","password":"abc"}]
2023-12-26 09:36:47 [Thread-0] INFO  org.example.ConnectionProcess - [LOGIN, {"username":"abc","password":"abc"}]
2023-12-26 09:36:48 [Thread-0] INFO  org.example.ConnectionProcess - [LOGIN, {"username":"abc","password":"abc"}]
2023-12-26 09:36:48 [Thread-0] INFO  org.example.ConnectionProcess - [LOGIN, {"username":"abc","password":"abc"}]
2023-12-26 09:36:48 [Thread-0] INFO  org.example.ConnectionProcess - [LOGIN, {"username":"abc","password":"abc"}]
2023-12-26 09:36:48 [Thread-0] INFO  org.example.ConnectionProcess - [LOGIN, {"username":"abc","password":"abc"}]
2023-12-26 09:36:48 [Thread-0] INFO  org.example.ConnectionProcess - [LOGIN, {"username":"abc","password":"abc"}]
2023-12-26 09:36:48 [Thread-0] INFO  org.example.ConnectionProcess - [LOGIN, {"username":"abc","password":"abc"}]
2023-12-26 11:47:00 [main] INFO  org.example.Main - New client connected 127.0.0.1
2023-12-26 11:47:02 [Thread-0] ERROR org.example.utils.DBUtil - [Ljava.lang.StackTraceElement;@6c384451
2023-12-26 11:50:47 [main] INFO  org.example.Main - New client connected 127.0.0.1
2023-12-26 11:50:51 [Thread-0] ERROR org.example.utils.DBUtil - [Ljava.lang.StackTraceElement;@179158fc
2023-12-26 12:30:11 [main] INFO  org.example.Main - New client connected 127.0.0.1
2023-12-26 12:30:14 [Thread-0] INFO  org.example.utils.DBUtil - JDBC Driver Registered!
2023-12-26 12:30:14 [Thread-0] INFO  org.example.utils.DBUtil - Select statement: select * from exercises

2023-12-26 12:30:14 [Thread-0] INFO  org.example.ConnectionProcess - []
2023-12-26 12:39:24 [Thread-0] INFO  org.example.utils.DBUtil - JDBC Driver Registered!
2023-12-26 12:39:24 [Thread-0] INFO  org.example.utils.DBUtil - Select statement: select * from exercises

2023-12-26 12:39:24 [Thread-0] INFO  org.example.ConnectionProcess - [org.example.models.Exercise@7063b15b]
2023-12-26 12:40:41 [main] INFO  org.example.Main - New client connected 127.0.0.1
2023-12-26 12:40:45 [Thread-0] INFO  org.example.utils.DBUtil - JDBC Driver Registered!
2023-12-26 12:40:46 [Thread-0] INFO  org.example.utils.DBUtil - Select statement: select * from exercises

2023-12-26 12:40:46 [Thread-0] INFO  org.example.ConnectionProcess - org.example.models.Exercise@212b99f2
2023-12-26 12:43:01 [main] INFO  org.example.Main - New client connected 127.0.0.1
2023-12-26 12:43:07 [Thread-0] INFO  org.example.utils.DBUtil - JDBC Driver Registered!
2023-12-26 12:43:07 [Thread-0] INFO  org.example.utils.DBUtil - Select statement: select * from exercises

2023-12-26 12:43:24 [main] INFO  org.example.Main - New client connected 127.0.0.1
2023-12-26 12:44:05 [Thread-0] INFO  org.example.utils.DBUtil - JDBC Driver Registered!
2023-12-26 12:44:06 [Thread-0] INFO  org.example.utils.DBUtil - Select statement: select * from exercises

2023-12-26 12:44:06 [Thread-0] INFO  org.example.ConnectionProcess - REWRITE
2023-12-26 12:56:24 [main] INFO  org.example.Main - New client connected 127.0.0.1
2023-12-26 12:56:27 [Thread-0] INFO  org.example.utils.DBUtil - JDBC Driver Registered!
2023-12-26 12:56:27 [Thread-0] INFO  org.example.utils.DBUtil - Select statement: select * from exercises

2023-12-26 12:56:27 [Thread-0] INFO  org.example.ConnectionProcess - REWRITE
2023-12-26 13:10:41 [main] INFO  org.example.Main - New client connected 127.0.0.1
2023-12-26 13:10:47 [Thread-0] INFO  org.example.utils.DBUtil - JDBC Driver Registered!
2023-12-26 13:10:47 [Thread-0] INFO  org.example.utils.DBUtil - Select statement: select * from exercises

2023-12-26 13:10:47 [Thread-0] INFO  org.example.ConnectionProcess - REWRITE
2023-12-26 13:11:38 [main] INFO  org.example.Main - New client connected 127.0.0.1
2023-12-26 13:11:39 [Thread-0] INFO  org.example.utils.DBUtil - JDBC Driver Registered!
2023-12-26 13:11:40 [Thread-0] INFO  org.example.utils.DBUtil - Select statement: select * from exercises

2023-12-26 13:11:40 [Thread-0] INFO  org.example.ConnectionProcess - org.example.models.Exercise@321b5cd
2023-12-26 13:14:46 [main] INFO  org.example.Main - New client connected 127.0.0.1
2023-12-26 13:14:48 [Thread-0] INFO  org.example.utils.DBUtil - JDBC Driver Registered!
2023-12-26 13:14:49 [Thread-0] INFO  org.example.utils.DBUtil - Select statement: select * from exercises

2023-12-26 13:14:49 [Thread-0] INFO  org.example.ConnectionProcess - {"id":null,"createdAt":1703565245000,"updatedAt":null,"exerciseId":1,"content":"test","type":"REWRITE","lessonId":null}
2023-12-26 13:17:41 [main] INFO  org.example.Main - New client connected 127.0.0.1
2023-12-26 13:17:50 [Thread-0] INFO  org.example.utils.DBUtil - JDBC Driver Registered!
2023-12-26 13:17:50 [Thread-0] INFO  org.example.utils.DBUtil - Select statement: select * from exercises

2023-12-26 13:17:51 [Thread-0] ERROR org.example.daos.RoleDAO - java.sql.SQLException: Invalid column name
2023-12-26 13:18:34 [main] INFO  org.example.Main - New client connected 127.0.0.1
2023-12-26 13:18:36 [Thread-0] INFO  org.example.utils.DBUtil - JDBC Driver Registered!
2023-12-26 13:18:36 [Thread-0] INFO  org.example.utils.DBUtil - Select statement: select * from exercises

2023-12-26 13:18:37 [Thread-0] INFO  org.example.ConnectionProcess - {"id":1,"createdAt":1703565245000,"updatedAt":1703565245000,"content":"test","type":"REWRITE","lessonId":1}
2023-12-26 16:39:35 [Thread-0] ERROR org.example.ConnectionProcess - java.net.SocketException: Connection reset
2023-12-26 16:39:44 [main] INFO  org.example.Main - New client connected 127.0.0.1
2023-12-26 16:42:13 [Thread-1] ERROR org.example.ConnectionProcess - java.net.SocketException: Connection reset
2023-12-26 16:42:18 [main] INFO  org.example.Main - New client connected 127.0.0.1
2023-12-26 16:42:19 [Thread-2] INFO  org.example.utils.DBUtil - JDBC Driver Registered!
2023-12-26 16:42:19 [Thread-2] INFO  org.example.utils.DBUtil - Select statement: select * from exercises

2023-12-26 16:42:19 [Thread-2] INFO  org.example.ConnectionProcess - {"id":1,"createdAt":1703565245000,"updatedAt":1703565245000,"content":"test","type":"REWRITE","lessonId":1}
2023-12-26 16:42:19 [Thread-2] ERROR org.example.ConnectionProcess - java.net.SocketException: Connection reset
2023-12-26 16:42:44 [main] INFO  org.example.Main - New client connected 127.0.0.1
2023-12-26 16:42:45 [Thread-3] ERROR org.example.ConnectionProcess - java.net.SocketException: Connection reset
2023-12-26 16:47:06 [main] INFO  org.example.Main - New client connected 127.0.0.1
2023-12-26 16:47:06 [Thread-4] ERROR org.example.ConnectionProcess - java.net.SocketException: Connection reset
2023-12-26 16:49:16 [main] INFO  org.example.Main - New client connected 127.0.0.1
2023-12-26 16:49:16 [Thread-5] ERROR org.example.ConnectionProcess - java.net.SocketException: Connection reset
2023-12-26 16:50:04 [main] INFO  org.example.Main - New client connected 127.0.0.1
2023-12-26 16:50:04 [Thread-6] ERROR org.example.ConnectionProcess - java.net.SocketException: Connection reset
2023-12-26 16:50:20 [main] INFO  org.example.Main - New client connected 127.0.0.1
2023-12-26 16:50:21 [Thread-7] ERROR org.example.ConnectionProcess - java.net.SocketException: Connection reset
2023-12-26 16:52:10 [main] INFO  org.example.Main - New client connected 127.0.0.1
2023-12-26 16:52:11 [Thread-8] ERROR org.example.ConnectionProcess - java.net.SocketException: Connection reset
2023-12-26 16:52:33 [main] INFO  org.example.Main - New client connected 127.0.0.1
2023-12-26 16:52:38 [Thread-9] ERROR org.example.ConnectionProcess - java.net.SocketException: Connection reset
2023-12-26 16:52:43 [main] INFO  org.example.Main - New client connected 127.0.0.1
2023-12-26 16:52:45 [Thread-10] INFO  org.example.utils.DBUtil - JDBC Driver Registered!
2023-12-26 16:52:45 [Thread-10] INFO  org.example.utils.DBUtil - Select statement: select * from exercises

2023-12-26 16:52:45 [Thread-10] INFO  org.example.ConnectionProcess - {"id":1,"createdAt":1703565245000,"updatedAt":1703565245000,"content":"test","type":"REWRITE","lessonId":1}
2023-12-26 16:52:57 [Thread-10] ERROR org.example.ConnectionProcess - java.net.SocketException: Connection reset
2023-12-26 16:53:05 [main] INFO  org.example.Main - New client connected 127.0.0.1
2023-12-26 16:54:56 [Thread-11] ERROR org.example.ConnectionProcess - java.net.SocketException: Connection reset
2023-12-26 16:55:02 [main] INFO  org.example.Main - New client connected 127.0.0.1
2023-12-26 16:55:07 [Thread-12] ERROR org.example.ConnectionProcess - java.net.SocketException: Connection reset
2023-12-26 16:55:12 [main] INFO  org.example.Main - New client connected 127.0.0.1
2023-12-26 16:55:14 [Thread-13] INFO  org.example.utils.DBUtil - JDBC Driver Registered!
2023-12-26 16:55:14 [Thread-13] INFO  org.example.utils.DBUtil - Select statement: select * from exercises

2023-12-26 16:55:14 [Thread-13] INFO  org.example.ConnectionProcess - {"id":1,"createdAt":1703565245000,"updatedAt":1703565245000,"content":"test","type":"REWRITE","lessonId":1}
2023-12-26 16:58:14 [Thread-13] ERROR org.example.ConnectionProcess - java.net.SocketException: Connection reset
2023-12-26 16:58:19 [main] INFO  org.example.Main - New client connected 127.0.0.1
2023-12-26 16:58:21 [Thread-14] INFO  org.example.utils.DBUtil - JDBC Driver Registered!
2023-12-26 16:58:21 [Thread-14] INFO  org.example.utils.DBUtil - Select statement: select * from exercises

2023-12-26 16:58:21 [Thread-14] INFO  org.example.ConnectionProcess - {"id":1,"createdAt":1703565245000,"updatedAt":1703565245000,"content":"test","type":"REWRITE","lessonId":1}
2023-12-26 17:02:03 [Thread-14] ERROR org.example.ConnectionProcess - java.net.SocketException: Connection reset
2023-12-26 17:02:09 [main] INFO  org.example.Main - New client connected 127.0.0.1
2023-12-26 17:02:11 [Thread-15] INFO  org.example.utils.DBUtil - JDBC Driver Registered!
2023-12-26 17:02:11 [Thread-15] INFO  org.example.utils.DBUtil - Select statement: select * from exercises

2023-12-26 17:02:11 [Thread-15] INFO  org.example.ConnectionProcess - {"id":1,"createdAt":1703565245000,"updatedAt":1703565245000,"content":"test","type":"REWRITE","lessonId":1}
2023-12-26 17:10:34 [Thread-15] ERROR org.example.ConnectionProcess - java.net.SocketException: Connection reset
2023-12-26 17:10:39 [main] INFO  org.example.Main - New client connected 127.0.0.1
2023-12-26 17:11:29 [Thread-16] ERROR org.example.ConnectionProcess - java.net.SocketException: Connection reset
2023-12-26 17:11:31 [main] INFO  org.example.Main - New client connected 127.0.0.1
2023-12-26 17:11:34 [Thread-17] INFO  org.example.utils.DBUtil - JDBC Driver Registered!
2023-12-26 17:11:34 [Thread-17] INFO  org.example.utils.DBUtil - Select statement: select * from exercises

2023-12-26 17:11:34 [Thread-17] INFO  org.example.ConnectionProcess - {"id":1,"createdAt":1703565245000,"updatedAt":1703565245000,"content":"test","type":"REWRITE","lessonId":1}
2023-12-26 17:14:25 [Thread-17] ERROR org.example.ConnectionProcess - java.net.SocketException: Connection reset
2023-12-26 17:14:30 [main] INFO  org.example.Main - New client connected 127.0.0.1
2023-12-26 17:14:32 [Thread-18] INFO  org.example.utils.DBUtil - JDBC Driver Registered!
2023-12-26 17:14:32 [Thread-18] INFO  org.example.utils.DBUtil - Select statement: select * from exercises

2023-12-26 17:14:32 [Thread-18] INFO  org.example.ConnectionProcess - {"id":1,"createdAt":1703565245000,"updatedAt":1703565245000,"content":"test","type":"REWRITE","lessonId":1}
2023-12-26 17:14:49 [Thread-18] ERROR org.example.ConnectionProcess - java.net.SocketException: Connection reset
2023-12-26 17:14:52 [main] INFO  org.example.Main - New client connected 127.0.0.1
2023-12-26 17:14:55 [Thread-19] INFO  org.example.utils.DBUtil - JDBC Driver Registered!
2023-12-26 17:14:55 [Thread-19] INFO  org.example.utils.DBUtil - Select statement: select * from exercises

2023-12-26 17:14:55 [Thread-19] INFO  org.example.ConnectionProcess - {"id":1,"createdAt":1703565245000,"updatedAt":1703565245000,"content":"test","type":"REWRITE","lessonId":1}
2023-12-26 17:15:11 [Thread-19] ERROR org.example.ConnectionProcess - java.net.SocketException: Connection reset
2023-12-26 17:15:17 [main] INFO  org.example.Main - New client connected 127.0.0.1
2023-12-26 17:15:19 [Thread-20] INFO  org.example.utils.DBUtil - JDBC Driver Registered!
2023-12-26 17:15:19 [Thread-20] INFO  org.example.utils.DBUtil - Select statement: select * from exercises

2023-12-26 17:15:19 [Thread-20] INFO  org.example.ConnectionProcess - {"id":1,"createdAt":1703565245000,"updatedAt":1703565245000,"content":"test","type":"REWRITE","lessonId":1}
2023-12-26 17:15:19 [Thread-20] INFO  org.example.utils.DBUtil - JDBC Driver Registered!
2023-12-26 17:15:19 [Thread-20] INFO  org.example.utils.DBUtil - Select statement: select * from exercises

2023-12-26 17:15:19 [Thread-20] INFO  org.example.ConnectionProcess - {"id":1,"createdAt":1703565245000,"updatedAt":1703565245000,"content":"test","type":"REWRITE","lessonId":1}
2023-12-26 17:19:23 [Thread-20] ERROR org.example.ConnectionProcess - java.net.SocketException: Connection reset
2023-12-26 17:19:28 [main] INFO  org.example.Main - New client connected 127.0.0.1
2023-12-26 17:19:32 [Thread-21] INFO  org.example.utils.DBUtil - JDBC Driver Registered!
2023-12-26 17:19:32 [Thread-21] INFO  org.example.utils.DBUtil - Select statement: select * from exercises

2023-12-26 17:19:32 [Thread-21] INFO  org.example.ConnectionProcess - {"id":1,"createdAt":1703565245000,"updatedAt":1703565245000,"content":"test","type":"REWRITE","lessonId":1}
2023-12-26 17:19:32 [Thread-21] INFO  org.example.utils.DBUtil - JDBC Driver Registered!
2023-12-26 17:19:32 [Thread-21] INFO  org.example.utils.DBUtil - Select statement: select * from exercises

2023-12-26 17:19:32 [Thread-21] INFO  org.example.ConnectionProcess - {"id":1,"createdAt":1703565245000,"updatedAt":1703565245000,"content":"test","type":"REWRITE","lessonId":1}
2023-12-26 17:19:44 [Thread-21] ERROR org.example.ConnectionProcess - java.net.SocketException: Connection reset
2023-12-26 17:19:49 [main] INFO  org.example.Main - New client connected 127.0.0.1
2023-12-26 17:19:54 [Thread-22] INFO  org.example.utils.DBUtil - JDBC Driver Registered!
2023-12-26 17:19:54 [Thread-22] INFO  org.example.utils.DBUtil - Select statement: select * from exercises

2023-12-26 17:19:54 [Thread-22] INFO  org.example.ConnectionProcess - {"id":1,"createdAt":1703565245000,"updatedAt":1703565245000,"content":"test","type":"REWRITE","lessonId":1}
2023-12-26 17:41:17 [Thread-22] ERROR org.example.ConnectionProcess - java.net.SocketException: Connection reset
2023-12-26 17:41:23 [main] INFO  org.example.Main - New client connected 127.0.0.1
2023-12-26 17:41:26 [Thread-23] INFO  org.example.utils.DBUtil - JDBC Driver Registered!
2023-12-26 17:41:26 [Thread-23] INFO  org.example.utils.DBUtil - Select statement: select * from exercises

2023-12-26 17:41:26 [Thread-23] INFO  org.example.ConnectionProcess - {"id":1,"createdAt":1703565245000,"updatedAt":1703565245000,"content":"test","type":"REWRITE","lessonId":1}
2023-12-26 17:45:35 [Thread-23] ERROR org.example.ConnectionProcess - java.net.SocketException: Connection reset
2023-12-26 17:45:41 [main] INFO  org.example.Main - New client connected 127.0.0.1
2023-12-26 17:45:43 [Thread-24] INFO  org.example.utils.DBUtil - JDBC Driver Registered!
2023-12-26 17:45:43 [Thread-24] INFO  org.example.utils.DBUtil - Select statement: select * from exercises

2023-12-26 17:45:43 [Thread-24] INFO  org.example.ConnectionProcess - {"id":1,"createdAt":1703565245000,"updatedAt":1703565245000,"content":"test","type":"REWRITE","lessonId":1}
2023-12-26 17:46:02 [Thread-24] ERROR org.example.ConnectionProcess - java.net.SocketException: Connection reset
2023-12-26 17:46:08 [main] INFO  org.example.Main - New client connected 127.0.0.1
2023-12-26 17:46:11 [Thread-25] INFO  org.example.utils.DBUtil - JDBC Driver Registered!
2023-12-26 17:46:11 [Thread-25] INFO  org.example.utils.DBUtil - Select statement: select * from exercises

2023-12-26 17:46:11 [Thread-25] INFO  org.example.ConnectionProcess - {"id":1,"createdAt":1703565245000,"updatedAt":1703565245000,"content":"test","type":"REWRITE","lessonId":1}
2023-12-26 17:46:30 [main] INFO  org.example.Main - New client connected 127.0.0.1
2023-12-26 17:46:32 [Thread-0] INFO  org.example.utils.DBUtil - JDBC Driver Registered!
2023-12-26 17:46:33 [Thread-0] INFO  org.example.utils.DBUtil - Select statement: select * from exercises

2023-12-26 17:46:33 [Thread-0] INFO  org.example.ConnectionProcess - {"id":1,"createdAt":1703565245000,"updatedAt":1703565245000,"content":"test","type":"REWRITE","lessonId":1}
2023-12-26 17:47:44 [Thread-0] ERROR org.example.ConnectionProcess - java.net.SocketException: Connection reset
2023-12-26 17:47:50 [main] INFO  org.example.Main - New client connected 127.0.0.1
2023-12-26 17:47:51 [Thread-1] INFO  org.example.utils.DBUtil - JDBC Driver Registered!
2023-12-26 17:47:51 [Thread-1] INFO  org.example.utils.DBUtil - Select statement: select * from exercises

2023-12-26 17:47:51 [Thread-1] INFO  org.example.ConnectionProcess - {"id":1,"createdAt":1703565245000,"updatedAt":1703565245000,"content":"test","type":"REWRITE","lessonId":1}
2023-12-26 17:51:35 [Thread-1] ERROR org.example.ConnectionProcess - java.net.SocketException: Connection reset
2023-12-26 17:51:41 [main] INFO  org.example.Main - New client connected 127.0.0.1
2023-12-26 17:51:44 [Thread-2] INFO  org.example.utils.DBUtil - JDBC Driver Registered!
2023-12-26 17:51:44 [Thread-2] INFO  org.example.utils.DBUtil - Select statement: select * from exercises

2023-12-26 17:51:44 [Thread-2] INFO  org.example.ConnectionProcess - {"id":1,"createdAt":1703565245000,"updatedAt":1703565245000,"content":"test","type":"REWRITE","lessonId":1}
2023-12-26 17:57:03 [main] INFO  org.example.Main - New client connected 127.0.0.1
2023-12-26 17:57:06 [Thread-0] INFO  org.example.utils.DBUtil - JDBC Driver Registered!
2023-12-26 17:57:07 [Thread-0] INFO  org.example.utils.DBUtil - Select statement: select * from exercises

2023-12-26 17:57:07 [Thread-0] INFO  org.example.ConnectionProcess - [{"id":1,"createdAt":1703565245000,"updatedAt":1703565245000,"content":"test","type":"REWRITE","lessonId":1}]
2023-12-26 17:58:54 [Thread-0] ERROR org.example.ConnectionProcess - java.net.SocketException: Connection reset
2023-12-26 17:59:00 [main] INFO  org.example.Main - New client connected 127.0.0.1
2023-12-26 17:59:01 [Thread-1] INFO  org.example.utils.DBUtil - JDBC Driver Registered!
2023-12-26 17:59:01 [Thread-1] INFO  org.example.utils.DBUtil - Select statement: select * from exercises

2023-12-26 17:59:01 [Thread-1] INFO  org.example.ConnectionProcess - [{"id":1,"createdAt":1703565245000,"updatedAt":1703565245000,"content":"test","type":"REWRITE","lessonId":1}]
2023-12-26 18:54:59 [Thread-1] ERROR org.example.ConnectionProcess - java.net.SocketException: Connection reset
2023-12-26 18:55:06 [main] INFO  org.example.Main - New client connected 127.0.0.1
2023-12-26 18:55:07 [Thread-2] INFO  org.example.utils.DBUtil - JDBC Driver Registered!
2023-12-26 18:55:07 [Thread-2] INFO  org.example.utils.DBUtil - Select statement: select * from exercises

2023-12-26 18:55:07 [Thread-2] INFO  org.example.ConnectionProcess - [{"id":1,"createdAt":1703565245000,"updatedAt":1703565245000,"content":"test","type":"REWRITE","lessonId":1}]
2023-12-26 19:14:58 [Thread-2] ERROR org.example.ConnectionProcess - java.net.SocketException: Connection reset
2023-12-26 19:15:15 [main] INFO  org.example.Main - New client connected 127.0.0.1
2023-12-26 19:15:38 [Thread-3] INFO  org.example.utils.DBUtil - JDBC Driver Registered!
2023-12-26 19:15:38 [Thread-3] INFO  org.example.utils.DBUtil - Select statement: select * from exercises

2023-12-26 19:15:38 [Thread-3] INFO  org.example.ConnectionProcess - [{"id":1,"createdAt":1703565245000,"updatedAt":1703565245000,"content":"test","type":"REWRITE","lessonId":1}]
2023-12-26 19:16:52 [Thread-3] ERROR org.example.ConnectionProcess - java.net.SocketException: Connection reset
2023-12-26 19:16:58 [main] INFO  org.example.Main - New client connected 127.0.0.1
2023-12-26 19:17:07 [Thread-4] INFO  org.example.utils.DBUtil - JDBC Driver Registered!
2023-12-26 19:17:07 [Thread-4] INFO  org.example.utils.DBUtil - Select statement: select * from exercises

2023-12-26 19:17:07 [Thread-4] INFO  org.example.ConnectionProcess - [{"id":1,"createdAt":1703565245000,"updatedAt":1703565245000,"content":"test","type":"REWRITE","lessonId":1}]
2023-12-26 19:23:56 [Thread-4] ERROR org.example.ConnectionProcess - java.net.SocketException: Connection reset
2023-12-26 19:24:02 [main] INFO  org.example.Main - New client connected 127.0.0.1
2023-12-26 19:34:56 [Thread-5] INFO  org.example.utils.DBUtil - JDBC Driver Registered!
2023-12-26 19:34:56 [Thread-5] INFO  org.example.utils.DBUtil - Select statement: select * from exercises

2023-12-26 19:34:56 [Thread-5] INFO  org.example.ConnectionProcess - [{"id":1,"createdAt":1703565245000,"updatedAt":1703565245000,"content":"test","type":"REWRITE","lessonId":1}]
2023-12-26 19:43:51 [Thread-5] ERROR org.example.ConnectionProcess - java.net.SocketException: Connection reset
2023-12-26 19:43:59 [main] INFO  org.example.Main - New client connected 127.0.0.1
2023-12-26 19:45:10 [Thread-6] ERROR org.example.ConnectionProcess - java.net.SocketException: Connection reset
2023-12-26 19:45:16 [main] INFO  org.example.Main - New client connected 127.0.0.1
2023-12-26 19:45:17 [Thread-7] INFO  org.example.utils.DBUtil - JDBC Driver Registered!
2023-12-26 19:45:17 [Thread-7] INFO  org.example.utils.DBUtil - Select statement: select * from exercises

2023-12-26 19:45:17 [Thread-7] INFO  org.example.ConnectionProcess - [{"id":1,"createdAt":1703565245000,"updatedAt":1703565245000,"content":"test","type":"REWRITE","lessonId":1}]
2023-12-26 19:45:42 [Thread-7] ERROR org.example.ConnectionProcess - java.net.SocketException: Connection reset
2023-12-26 19:45:49 [main] INFO  org.example.Main - New client connected 127.0.0.1
2023-12-26 19:45:50 [Thread-8] INFO  org.example.utils.DBUtil - JDBC Driver Registered!
2023-12-26 19:45:50 [Thread-8] INFO  org.example.utils.DBUtil - Select statement: select * from exercises

2023-12-26 19:45:50 [Thread-8] INFO  org.example.ConnectionProcess - [{"id":1,"createdAt":1703565245000,"updatedAt":1703565245000,"content":"test","type":"REWRITE","lessonId":1}]
2023-12-26 19:45:50 [Thread-8] INFO  org.example.utils.DBUtil - JDBC Driver Registered!
2023-12-26 19:45:50 [Thread-8] INFO  org.example.utils.DBUtil - Select statement: select * from exercises

2023-12-26 19:45:50 [Thread-8] INFO  org.example.ConnectionProcess - [{"id":1,"createdAt":1703565245000,"updatedAt":1703565245000,"content":"test","type":"REWRITE","lessonId":1}]
2023-12-26 19:46:32 [Thread-8] ERROR org.example.ConnectionProcess - java.net.SocketException: Connection reset
2023-12-26 19:46:38 [main] INFO  org.example.Main - New client connected 127.0.0.1
2023-12-26 19:46:40 [Thread-9] INFO  org.example.utils.DBUtil - JDBC Driver Registered!
2023-12-26 19:46:40 [Thread-9] INFO  org.example.utils.DBUtil - Select statement: select * from exercises

2023-12-26 19:46:40 [Thread-9] INFO  org.example.ConnectionProcess - [{"id":1,"createdAt":1703565245000,"updatedAt":1703565245000,"content":"test","type":"REWRITE","lessonId":1}]
2023-12-26 19:46:40 [Thread-9] INFO  org.example.utils.DBUtil - JDBC Driver Registered!
2023-12-26 19:46:40 [Thread-9] INFO  org.example.utils.DBUtil - Select statement: select * from exercises

2023-12-26 19:46:40 [Thread-9] INFO  org.example.ConnectionProcess - [{"id":1,"createdAt":1703565245000,"updatedAt":1703565245000,"content":"test","type":"REWRITE","lessonId":1}]
2023-12-26 19:48:57 [Thread-9] ERROR org.example.ConnectionProcess - java.net.SocketException: Connection reset
2023-12-26 19:49:03 [main] INFO  org.example.Main - New client connected 127.0.0.1
2023-12-26 19:49:06 [Thread-10] INFO  org.example.utils.DBUtil - JDBC Driver Registered!
2023-12-26 19:49:06 [Thread-10] INFO  org.example.utils.DBUtil - Select statement: select * from exercises

2023-12-26 19:49:06 [Thread-10] INFO  org.example.ConnectionProcess - [{"id":1,"createdAt":1703565245000,"updatedAt":1703565245000,"content":"test","type":"REWRITE","lessonId":1}]
2023-12-26 19:49:06 [Thread-10] INFO  org.example.utils.DBUtil - JDBC Driver Registered!
2023-12-26 19:49:06 [Thread-10] INFO  org.example.utils.DBUtil - Select statement: select * from exercises

2023-12-26 19:49:06 [Thread-10] INFO  org.example.ConnectionProcess - [{"id":1,"createdAt":1703565245000,"updatedAt":1703565245000,"content":"test","type":"REWRITE","lessonId":1}]
2023-12-26 19:49:29 [Thread-10] ERROR org.example.ConnectionProcess - java.net.SocketException: Connection reset
2023-12-26 19:49:35 [main] INFO  org.example.Main - New client connected 127.0.0.1
2023-12-26 19:49:37 [Thread-11] INFO  org.example.utils.DBUtil - JDBC Driver Registered!
2023-12-26 19:49:37 [Thread-11] INFO  org.example.utils.DBUtil - Select statement: select * from exercises

2023-12-26 19:49:37 [Thread-11] INFO  org.example.ConnectionProcess - [{"id":1,"createdAt":1703565245000,"updatedAt":1703565245000,"content":"test","type":"REWRITE","lessonId":1}]
2023-12-26 19:49:37 [Thread-11] INFO  org.example.utils.DBUtil - JDBC Driver Registered!
2023-12-26 19:49:37 [Thread-11] INFO  org.example.utils.DBUtil - Select statement: select * from exercises

2023-12-26 19:49:37 [Thread-11] INFO  org.example.ConnectionProcess - [{"id":1,"createdAt":1703565245000,"updatedAt":1703565245000,"content":"test","type":"REWRITE","lessonId":1}]
2023-12-26 20:31:01 [Thread-11] ERROR org.example.ConnectionProcess - java.net.SocketException: Connection reset
2023-12-26 20:31:07 [main] INFO  org.example.Main - New client connected 127.0.0.1
2023-12-26 20:31:09 [Thread-12] INFO  org.example.utils.DBUtil - JDBC Driver Registered!
2023-12-26 20:31:09 [Thread-12] INFO  org.example.utils.DBUtil - Select statement: select * from exercises

2023-12-26 20:31:09 [Thread-12] INFO  org.example.ConnectionProcess - [{"id":1,"createdAt":1703565245000,"updatedAt":1703565245000,"content":"test","type":"REWRITE","lessonId":1}]
2023-12-26 20:31:09 [Thread-12] INFO  org.example.utils.DBUtil - JDBC Driver Registered!
2023-12-26 20:31:09 [Thread-12] INFO  org.example.utils.DBUtil - Select statement: select * from exercises

2023-12-26 20:31:09 [Thread-12] INFO  org.example.ConnectionProcess - [{"id":1,"createdAt":1703565245000,"updatedAt":1703565245000,"content":"test","type":"REWRITE","lessonId":1}]
2023-12-26 20:32:13 [Thread-12] ERROR org.example.ConnectionProcess - java.net.SocketException: Connection reset
2023-12-26 20:32:19 [main] INFO  org.example.Main - New client connected 127.0.0.1
2023-12-26 20:32:22 [Thread-13] INFO  org.example.utils.DBUtil - JDBC Driver Registered!
2023-12-26 20:32:22 [Thread-13] INFO  org.example.utils.DBUtil - Select statement: select * from exercises

2023-12-26 20:32:22 [Thread-13] INFO  org.example.ConnectionProcess - [{"id":1,"createdAt":1703565245000,"updatedAt":1703565245000,"content":"test","type":"REWRITE","lessonId":1}]
2023-12-26 20:41:58 [Thread-13] ERROR org.example.ConnectionProcess - java.net.SocketException: Connection reset
2023-12-26 20:42:04 [main] INFO  org.example.Main - New client connected 127.0.0.1
2023-12-26 20:42:06 [Thread-14] INFO  org.example.utils.DBUtil - JDBC Driver Registered!
2023-12-26 20:42:06 [Thread-14] INFO  org.example.utils.DBUtil - Select statement: select * from exercises

2023-12-26 20:42:06 [Thread-14] INFO  org.example.ConnectionProcess - [{"id":1,"createdAt":1703565245000,"updatedAt":1703565245000,"content":"test","type":"REWRITE","lessonId":1}]
2023-12-26 20:43:10 [Thread-14] ERROR org.example.ConnectionProcess - java.net.SocketException: Connection reset
2023-12-26 20:43:17 [main] INFO  org.example.Main - New client connected 127.0.0.1
2023-12-26 20:43:19 [Thread-15] INFO  org.example.utils.DBUtil - JDBC Driver Registered!
2023-12-26 20:43:19 [Thread-15] INFO  org.example.utils.DBUtil - Select statement: select * from exercises

2023-12-26 20:43:19 [Thread-15] INFO  org.example.ConnectionProcess - [{"id":1,"createdAt":1703565245000,"updatedAt":1703565245000,"content":"test","type":"REWRITE","lessonId":1}]
2023-12-26 20:45:47 [Thread-15] ERROR org.example.ConnectionProcess - java.net.SocketException: Connection reset
2023-12-26 20:45:54 [main] INFO  org.example.Main - New client connected 127.0.0.1
2023-12-26 20:45:56 [Thread-16] INFO  org.example.utils.DBUtil - JDBC Driver Registered!
2023-12-26 20:45:56 [Thread-16] INFO  org.example.utils.DBUtil - Select statement: select * from exercises

2023-12-26 20:45:56 [Thread-16] INFO  org.example.ConnectionProcess - [{"id":1,"createdAt":1703565245000,"updatedAt":1703565245000,"content":"test","type":"REWRITE","lessonId":1}]
2023-12-26 20:45:56 [Thread-16] INFO  org.example.utils.DBUtil - JDBC Driver Registered!
2023-12-26 20:45:56 [Thread-16] INFO  org.example.utils.DBUtil - Select statement: select * from exercises

2023-12-26 20:45:56 [Thread-16] INFO  org.example.ConnectionProcess - [{"id":1,"createdAt":1703565245000,"updatedAt":1703565245000,"content":"test","type":"REWRITE","lessonId":1}]
2023-12-26 20:48:53 [Thread-16] ERROR org.example.ConnectionProcess - java.net.SocketException: Connection reset
2023-12-26 20:48:59 [main] INFO  org.example.Main - New client connected 127.0.0.1
2023-12-26 20:49:11 [Thread-17] ERROR org.example.ConnectionProcess - java.net.SocketException: Connection reset
2023-12-26 20:49:19 [main] INFO  org.example.Main - New client connected 127.0.0.1
2023-12-26 20:49:21 [Thread-18] INFO  org.example.utils.DBUtil - JDBC Driver Registered!
2023-12-26 20:49:21 [Thread-18] INFO  org.example.utils.DBUtil - Select statement: select * from exercises

2023-12-26 20:49:21 [Thread-18] INFO  org.example.ConnectionProcess - [{"id":1,"createdAt":1703565245000,"updatedAt":1703565245000,"content":"test","type":"REWRITE","lessonId":1}]
2023-12-26 20:49:21 [Thread-18] INFO  org.example.utils.DBUtil - JDBC Driver Registered!
2023-12-26 20:49:21 [Thread-18] INFO  org.example.utils.DBUtil - Select statement: select * from exercises

2023-12-26 20:49:21 [Thread-18] INFO  org.example.ConnectionProcess - [{"id":1,"createdAt":1703565245000,"updatedAt":1703565245000,"content":"test","type":"REWRITE","lessonId":1}]
2023-12-26 20:50:43 [Thread-18] ERROR org.example.ConnectionProcess - java.net.SocketException: Connection reset
2023-12-26 20:51:07 [main] INFO  org.example.Main - New client connected 127.0.0.1
2023-12-26 20:51:08 [Thread-19] INFO  org.example.utils.DBUtil - JDBC Driver Registered!
2023-12-26 20:51:08 [Thread-19] INFO  org.example.utils.DBUtil - Select statement: select * from exercises

2023-12-26 20:51:08 [Thread-19] INFO  org.example.ConnectionProcess - [{"id":1,"createdAt":1703565245000,"updatedAt":1703565245000,"content":"test","type":"REWRITE","lessonId":1}]
2023-12-26 20:51:08 [Thread-19] INFO  org.example.utils.DBUtil - JDBC Driver Registered!
2023-12-26 20:51:09 [Thread-19] INFO  org.example.utils.DBUtil - Select statement: select * from exercises

2023-12-26 20:51:09 [Thread-19] INFO  org.example.ConnectionProcess - [{"id":1,"createdAt":1703565245000,"updatedAt":1703565245000,"content":"test","type":"REWRITE","lessonId":1}]
2023-12-26 20:51:29 [Thread-19] ERROR org.example.ConnectionProcess - java.net.SocketException: Connection reset
2023-12-26 20:51:36 [main] INFO  org.example.Main - New client connected 127.0.0.1
2023-12-26 20:51:38 [Thread-20] INFO  org.example.utils.DBUtil - JDBC Driver Registered!
2023-12-26 20:51:38 [Thread-20] INFO  org.example.utils.DBUtil - Select statement: select * from exercises

2023-12-26 20:51:38 [Thread-20] INFO  org.example.ConnectionProcess - [{"id":1,"createdAt":1703565245000,"updatedAt":1703565245000,"content":"test","type":"REWRITE","lessonId":1}]
2023-12-26 20:51:38 [Thread-20] INFO  org.example.utils.DBUtil - JDBC Driver Registered!
2023-12-26 20:51:38 [Thread-20] INFO  org.example.utils.DBUtil - Select statement: select * from exercises

2023-12-26 20:51:38 [Thread-20] INFO  org.example.ConnectionProcess - [{"id":1,"createdAt":1703565245000,"updatedAt":1703565245000,"content":"test","type":"REWRITE","lessonId":1}]
2023-12-26 20:51:55 [Thread-20] ERROR org.example.ConnectionProcess - java.net.SocketException: Connection reset
2023-12-26 20:52:02 [main] INFO  org.example.Main - New client connected 127.0.0.1
2023-12-26 20:52:04 [Thread-21] INFO  org.example.utils.DBUtil - JDBC Driver Registered!
2023-12-26 20:52:04 [Thread-21] INFO  org.example.utils.DBUtil - Select statement: select * from exercises

2023-12-26 20:52:04 [Thread-21] INFO  org.example.ConnectionProcess - [{"id":1,"createdAt":1703565245000,"updatedAt":1703565245000,"content":"test","type":"REWRITE","lessonId":1}]
2023-12-26 20:52:04 [Thread-21] INFO  org.example.utils.DBUtil - JDBC Driver Registered!
2023-12-26 20:52:05 [Thread-21] INFO  org.example.utils.DBUtil - Select statement: select * from exercises

2023-12-26 20:52:05 [Thread-21] INFO  org.example.ConnectionProcess - [{"id":1,"createdAt":1703565245000,"updatedAt":1703565245000,"content":"test","type":"REWRITE","lessonId":1}]
2023-12-26 20:52:42 [Thread-21] ERROR org.example.ConnectionProcess - java.net.SocketException: Connection reset
2023-12-26 20:52:48 [main] INFO  org.example.Main - New client connected 127.0.0.1
2023-12-26 20:52:50 [Thread-22] INFO  org.example.utils.DBUtil - JDBC Driver Registered!
2023-12-26 20:52:50 [Thread-22] INFO  org.example.utils.DBUtil - Select statement: select * from exercises

2023-12-26 20:52:50 [Thread-22] INFO  org.example.ConnectionProcess - [{"id":1,"createdAt":1703565245000,"updatedAt":1703565245000,"content":"test","type":"REWRITE","lessonId":1}]
2023-12-26 20:52:50 [Thread-22] INFO  org.example.utils.DBUtil - JDBC Driver Registered!
2023-12-26 20:52:50 [Thread-22] INFO  org.example.utils.DBUtil - Select statement: select * from exercises

2023-12-26 20:52:50 [Thread-22] INFO  org.example.ConnectionProcess - [{"id":1,"createdAt":1703565245000,"updatedAt":1703565245000,"content":"test","type":"REWRITE","lessonId":1}]
2023-12-26 20:54:32 [Thread-22] ERROR org.example.ConnectionProcess - java.net.SocketException: Connection reset
2023-12-26 20:54:39 [main] INFO  org.example.Main - New client connected 127.0.0.1
2023-12-26 20:54:43 [Thread-23] INFO  org.example.utils.DBUtil - JDBC Driver Registered!
2023-12-26 20:54:43 [Thread-23] INFO  org.example.utils.DBUtil - Select statement: select * from exercises

2023-12-26 20:54:43 [Thread-23] INFO  org.example.ConnectionProcess - [{"id":1,"createdAt":1703565245000,"updatedAt":1703565245000,"content":"test","type":"REWRITE","lessonId":1}]
2023-12-26 20:54:43 [Thread-23] INFO  org.example.utils.DBUtil - JDBC Driver Registered!
2023-12-26 20:54:43 [Thread-23] INFO  org.example.utils.DBUtil - Select statement: select * from exercises

2023-12-26 20:54:43 [Thread-23] INFO  org.example.ConnectionProcess - [{"id":1,"createdAt":1703565245000,"updatedAt":1703565245000,"content":"test","type":"REWRITE","lessonId":1}]
2023-12-26 20:55:33 [Thread-23] ERROR org.example.ConnectionProcess - java.net.SocketException: Connection reset
2023-12-26 20:55:40 [main] INFO  org.example.Main - New client connected 127.0.0.1
2023-12-26 20:55:42 [Thread-24] INFO  org.example.utils.DBUtil - JDBC Driver Registered!
2023-12-26 20:55:42 [Thread-24] INFO  org.example.utils.DBUtil - Select statement: select * from exercises

2023-12-26 20:55:42 [Thread-24] INFO  org.example.ConnectionProcess - [{"id":1,"createdAt":1703565245000,"updatedAt":1703565245000,"content":"test","type":"REWRITE","lessonId":1}]
2023-12-26 21:03:16 [Thread-24] ERROR org.example.ConnectionProcess - java.net.SocketException: Connection reset
2023-12-26 21:03:23 [main] INFO  org.example.Main - New client connected 127.0.0.1
2023-12-26 21:03:27 [Thread-25] INFO  org.example.utils.DBUtil - JDBC Driver Registered!
2023-12-26 21:03:27 [Thread-25] INFO  org.example.utils.DBUtil - Select statement: select * from exercises

2023-12-26 21:03:27 [Thread-25] INFO  org.example.ConnectionProcess - [{"id":1,"createdAt":1703565245000,"updatedAt":1703565245000,"content":"test","type":"REWRITE","lessonId":1}]
2023-12-26 21:14:33 [Thread-25] ERROR org.example.ConnectionProcess - java.net.SocketException: Connection reset
2023-12-26 21:14:41 [main] INFO  org.example.Main - New client connected 127.0.0.1
2023-12-26 21:14:43 [main] INFO  org.example.Main - New client connected 127.0.0.1
2023-12-26 21:14:55 [Thread-27] INFO  org.example.utils.DBUtil - JDBC Driver Registered!
2023-12-26 21:14:55 [Thread-27] INFO  org.example.utils.DBUtil - Select statement: select * from exercises

2023-12-26 21:14:55 [Thread-27] INFO  org.example.ConnectionProcess - [{"id":1,"createdAt":1703565245000,"updatedAt":1703565245000,"content":"test","type":"REWRITE","lessonId":1}]
2023-12-26 21:17:19 [Thread-26] ERROR org.example.ConnectionProcess - java.net.SocketException: Connection reset
2023-12-26 21:17:19 [Thread-27] ERROR org.example.ConnectionProcess - java.net.SocketException: Connection reset
2023-12-26 21:17:38 [main] INFO  org.example.Main - New client connected 127.0.0.1
2023-12-26 21:17:43 [Thread-28] INFO  org.example.utils.DBUtil - JDBC Driver Registered!
2023-12-26 21:17:43 [Thread-28] INFO  org.example.utils.DBUtil - Select statement: select * from exercises

2023-12-26 21:17:43 [Thread-28] INFO  org.example.ConnectionProcess - [{"id":1,"createdAt":1703565245000,"updatedAt":1703565245000,"content":"test","type":"REWRITE","lessonId":1}]
2023-12-26 21:17:58 [Thread-28] ERROR org.example.ConnectionProcess - java.net.SocketException: Connection reset
2023-12-26 21:18:04 [main] INFO  org.example.Main - New client connected 127.0.0.1
2023-12-26 21:18:06 [Thread-29] INFO  org.example.utils.DBUtil - JDBC Driver Registered!
2023-12-26 21:18:06 [Thread-29] INFO  org.example.utils.DBUtil - Select statement: select * from exercises

2023-12-26 21:18:06 [Thread-29] INFO  org.example.ConnectionProcess - [{"id":1,"createdAt":1703565245000,"updatedAt":1703565245000,"content":"test","type":"REWRITE","lessonId":1}]
2023-12-26 21:26:13 [Thread-29] ERROR org.example.ConnectionProcess - java.net.SocketException: Connection reset
2023-12-26 21:26:19 [main] INFO  org.example.Main - New client connected 127.0.0.1
2023-12-26 21:26:22 [Thread-30] INFO  org.example.utils.DBUtil - JDBC Driver Registered!
2023-12-26 21:26:22 [Thread-30] INFO  org.example.utils.DBUtil - Select statement: select * from exercises

2023-12-26 21:26:22 [Thread-30] INFO  org.example.ConnectionProcess - [{"id":1,"createdAt":1703565245000,"updatedAt":1703565245000,"content":"test","type":"REWRITE","lessonId":1}]
2023-12-26 21:28:39 [Thread-30] ERROR org.example.ConnectionProcess - java.net.SocketException: Connection reset
2023-12-26 21:28:45 [main] INFO  org.example.Main - New client connected 127.0.0.1
2023-12-26 21:28:49 [Thread-31] INFO  org.example.utils.DBUtil - JDBC Driver Registered!
2023-12-26 21:28:49 [Thread-31] INFO  org.example.utils.DBUtil - Select statement: select * from exercises

2023-12-26 21:28:49 [Thread-31] INFO  org.example.ConnectionProcess - [{"id":1,"createdAt":1703565245000,"updatedAt":1703565245000,"content":"test","type":"REWRITE","lessonId":1}]
2023-12-26 21:29:14 [Thread-31] ERROR org.example.ConnectionProcess - java.net.SocketException: Connection reset
2023-12-26 21:29:20 [main] INFO  org.example.Main - New client connected 127.0.0.1
2023-12-26 21:29:22 [Thread-32] INFO  org.example.utils.DBUtil - JDBC Driver Registered!
2023-12-26 21:29:22 [Thread-32] INFO  org.example.utils.DBUtil - Select statement: select * from exercises

2023-12-26 21:29:22 [Thread-32] INFO  org.example.ConnectionProcess - [{"id":1,"createdAt":1703565245000,"updatedAt":1703565245000,"content":"test","type":"REWRITE","lessonId":1}]
2023-12-26 21:29:38 [Thread-32] ERROR org.example.ConnectionProcess - java.net.SocketException: Connection reset
2023-12-26 21:29:45 [main] INFO  org.example.Main - New client connected 127.0.0.1
2023-12-26 21:29:53 [Thread-33] INFO  org.example.utils.DBUtil - JDBC Driver Registered!
2023-12-26 21:29:53 [Thread-33] INFO  org.example.utils.DBUtil - Select statement: select * from exercises

2023-12-26 21:29:53 [Thread-33] INFO  org.example.ConnectionProcess - [{"id":1,"createdAt":1703565245000,"updatedAt":1703565245000,"content":"test","type":"REWRITE","lessonId":1}]
2023-12-26 21:33:23 [Thread-33] ERROR org.example.ConnectionProcess - java.net.SocketException: Connection reset
2023-12-26 21:33:31 [main] INFO  org.example.Main - New client connected 127.0.0.1
2023-12-26 21:34:24 [Thread-34] INFO  org.example.utils.DBUtil - JDBC Driver Registered!
2023-12-26 21:34:24 [Thread-34] INFO  org.example.utils.DBUtil - Select statement: select * from exercises

2023-12-26 21:34:24 [Thread-34] INFO  org.example.ConnectionProcess - [{"id":1,"createdAt":1703565245000,"updatedAt":1703565245000,"content":"test","type":"REWRITE","lessonId":1}]
2023-12-26 21:34:38 [Thread-34] ERROR org.example.ConnectionProcess - java.net.SocketException: Connection reset
2023-12-26 21:34:45 [main] INFO  org.example.Main - New client connected 127.0.0.1
2023-12-26 21:34:47 [Thread-35] INFO  org.example.utils.DBUtil - JDBC Driver Registered!
2023-12-26 21:34:47 [Thread-35] INFO  org.example.utils.DBUtil - Select statement: select * from exercises

2023-12-26 21:34:47 [Thread-35] INFO  org.example.ConnectionProcess - [{"id":1,"createdAt":1703565245000,"updatedAt":1703565245000,"content":"test","type":"REWRITE","lessonId":1}]
2023-12-26 21:35:12 [Thread-35] ERROR org.example.ConnectionProcess - java.net.SocketException: Connection reset
2023-12-26 21:35:19 [main] INFO  org.example.Main - New client connected 127.0.0.1
2023-12-26 21:35:26 [Thread-36] INFO  org.example.utils.DBUtil - JDBC Driver Registered!
2023-12-26 21:35:26 [Thread-36] INFO  org.example.utils.DBUtil - Select statement: select * from exercises

2023-12-26 21:35:26 [Thread-36] INFO  org.example.ConnectionProcess - [{"id":1,"createdAt":1703565245000,"updatedAt":1703565245000,"content":"test","type":"REWRITE","lessonId":1}]
2023-12-26 21:36:21 [Thread-36] ERROR org.example.ConnectionProcess - java.net.SocketException: Connection reset
2023-12-26 21:36:28 [main] INFO  org.example.Main - New client connected 127.0.0.1
2023-12-26 21:36:29 [Thread-37] INFO  org.example.utils.DBUtil - JDBC Driver Registered!
2023-12-26 21:36:29 [Thread-37] INFO  org.example.utils.DBUtil - Select statement: select * from exercises

2023-12-26 21:36:29 [Thread-37] INFO  org.example.ConnectionProcess - [{"id":1,"createdAt":1703565245000,"updatedAt":1703565245000,"content":"test","type":"REWRITE","lessonId":1}]
2023-12-26 21:39:36 [Thread-37] ERROR org.example.ConnectionProcess - java.net.SocketException: Connection reset
2023-12-26 21:39:45 [main] INFO  org.example.Main - New client connected 127.0.0.1
2023-12-26 21:39:48 [Thread-38] INFO  org.example.utils.DBUtil - JDBC Driver Registered!
2023-12-26 21:39:48 [Thread-38] INFO  org.example.utils.DBUtil - Select statement: select * from exercises

2023-12-26 21:39:48 [Thread-38] INFO  org.example.ConnectionProcess - [{"id":1,"createdAt":1703565245000,"updatedAt":1703565245000,"content":"test","type":"REWRITE","lessonId":1}]
2023-12-26 21:41:13 [Thread-38] ERROR org.example.ConnectionProcess - java.net.SocketException: Connection reset
2023-12-26 21:41:20 [main] INFO  org.example.Main - New client connected 127.0.0.1
2023-12-26 21:41:22 [Thread-39] INFO  org.example.utils.DBUtil - JDBC Driver Registered!
2023-12-26 21:41:22 [Thread-39] INFO  org.example.utils.DBUtil - Select statement: select * from exercises

2023-12-26 21:41:22 [Thread-39] INFO  org.example.ConnectionProcess - [{"id":1,"createdAt":1703565245000,"updatedAt":1703565245000,"content":"test","type":"REWRITE","lessonId":1}]
2023-12-26 21:41:39 [Thread-39] ERROR org.example.ConnectionProcess - java.net.SocketException: Connection reset
2023-12-26 21:41:47 [main] INFO  org.example.Main - New client connected 127.0.0.1
2023-12-26 21:41:53 [Thread-40] INFO  org.example.utils.DBUtil - JDBC Driver Registered!
2023-12-26 21:41:53 [Thread-40] INFO  org.example.utils.DBUtil - Select statement: select * from exercises

2023-12-26 21:41:53 [Thread-40] INFO  org.example.ConnectionProcess - [{"id":1,"createdAt":1703565245000,"updatedAt":1703565245000,"content":"test","type":"REWRITE","lessonId":1}]
2023-12-26 21:42:35 [Thread-40] ERROR org.example.ConnectionProcess - java.net.SocketException: Connection reset
2023-12-26 21:42:38 [main] INFO  org.example.Main - New client connected 127.0.0.1
2023-12-26 21:42:42 [Thread-41] INFO  org.example.utils.DBUtil - JDBC Driver Registered!
2023-12-26 21:42:42 [Thread-41] INFO  org.example.utils.DBUtil - Select statement: select * from exercises

2023-12-26 21:42:42 [Thread-41] INFO  org.example.ConnectionProcess - [{"id":1,"createdAt":1703565245000,"updatedAt":1703565245000,"content":"test","type":"REWRITE","lessonId":1},{"id":2,"createdAt":1703565245000,"updatedAt":1703565245000,"content":"test222222222222222222222222","type":"PARAGRAPH","lessonId":1}]
2023-12-26 21:44:58 [Thread-41] ERROR org.example.ConnectionProcess - java.net.SocketException: Connection reset
2023-12-26 21:45:05 [main] INFO  org.example.Main - New client connected 127.0.0.1
2023-12-26 21:45:07 [Thread-42] INFO  org.example.utils.DBUtil - JDBC Driver Registered!
2023-12-26 21:45:07 [Thread-42] INFO  org.example.utils.DBUtil - Select statement: select * from exercises

2023-12-26 21:45:07 [Thread-42] INFO  org.example.ConnectionProcess - [{"id":1,"createdAt":1703565245000,"updatedAt":1703565245000,"content":"test","type":"REWRITE","lessonId":1},{"id":2,"createdAt":1703565245000,"updatedAt":1703565245000,"content":"test222222222222222222222222","type":"PARAGRAPH","lessonId":1}]
2023-12-26 21:45:24 [Thread-42] ERROR org.example.ConnectionProcess - java.net.SocketException: Connection reset
2023-12-26 21:45:32 [main] INFO  org.example.Main - New client connected 127.0.0.1
2023-12-26 21:45:35 [Thread-43] INFO  org.example.utils.DBUtil - JDBC Driver Registered!
2023-12-26 21:45:35 [Thread-43] INFO  org.example.utils.DBUtil - Select statement: select * from exercises

2023-12-26 21:45:35 [Thread-43] INFO  org.example.ConnectionProcess - [{"id":1,"createdAt":1703565245000,"updatedAt":1703565245000,"content":"test","type":"REWRITE","lessonId":1},{"id":2,"createdAt":1703565245000,"updatedAt":1703565245000,"content":"test222222222222222222222222","type":"PARAGRAPH","lessonId":1}]
2023-12-26 22:03:16 [Thread-43] ERROR org.example.ConnectionProcess - java.net.SocketException: Connection reset
2023-12-26 22:03:24 [main] INFO  org.example.Main - New client connected 127.0.0.1
2023-12-26 22:04:02 [Thread-44] INFO  org.example.utils.DBUtil - JDBC Driver Registered!
2023-12-26 22:04:02 [Thread-44] INFO  org.example.utils.DBUtil - Select statement: select * from exercises

2023-12-26 22:04:02 [Thread-44] INFO  org.example.ConnectionProcess - [{"id":1,"createdAt":1703565245000,"updatedAt":1703565245000,"content":"test","type":"REWRITE","lessonId":1},{"id":2,"createdAt":1703565245000,"updatedAt":1703565245000,"content":"test222222222222222222222222","type":"PARAGRAPH","lessonId":1}]
2023-12-26 22:12:52 [Thread-44] ERROR org.example.ConnectionProcess - java.net.SocketException: Connection reset
2023-12-26 22:12:59 [main] INFO  org.example.Main - New client connected 127.0.0.1
2023-12-26 22:13:09 [Thread-45] ERROR org.example.ConnectionProcess - java.net.SocketException: Connection reset
2023-12-26 22:13:16 [main] INFO  org.example.Main - New client connected 127.0.0.1
2023-12-26 22:13:18 [Thread-46] INFO  org.example.utils.DBUtil - JDBC Driver Registered!
2023-12-26 22:13:18 [Thread-46] INFO  org.example.utils.DBUtil - Select statement: select * from exercises

2023-12-26 22:13:18 [Thread-46] INFO  org.example.ConnectionProcess - [{"id":1,"createdAt":1703565245000,"updatedAt":1703565245000,"content":"test","type":"REWRITE","lessonId":1},{"id":2,"createdAt":1703565245000,"updatedAt":1703565245000,"content":"test222222222222222222222222","type":"PARAGRAPH","lessonId":1}]
2023-12-26 22:14:07 [Thread-46] ERROR org.example.ConnectionProcess - java.net.SocketException: Connection reset
2023-12-26 22:14:14 [main] INFO  org.example.Main - New client connected 127.0.0.1
2023-12-26 22:14:18 [Thread-47] INFO  org.example.utils.DBUtil - JDBC Driver Registered!
2023-12-26 22:14:18 [Thread-47] INFO  org.example.utils.DBUtil - Select statement: select * from exercises

2023-12-26 22:14:18 [Thread-47] INFO  org.example.ConnectionProcess - [{"id":1,"createdAt":1703565245000,"updatedAt":1703565245000,"content":"test","type":"REWRITE","lessonId":1},{"id":2,"createdAt":1703565245000,"updatedAt":1703565245000,"content":"test222222222222222222222222","type":"PARAGRAPH","lessonId":1}]
2023-12-26 22:14:41 [Thread-47] ERROR org.example.ConnectionProcess - java.net.SocketException: Connection reset
2023-12-26 22:14:49 [main] INFO  org.example.Main - New client connected 127.0.0.1
2023-12-26 22:14:51 [Thread-48] INFO  org.example.utils.DBUtil - JDBC Driver Registered!
2023-12-26 22:14:51 [Thread-48] INFO  org.example.utils.DBUtil - Select statement: select * from exercises

2023-12-26 22:14:51 [Thread-48] INFO  org.example.ConnectionProcess - [{"id":1,"createdAt":1703565245000,"updatedAt":1703565245000,"content":"test","type":"REWRITE","lessonId":1},{"id":2,"createdAt":1703565245000,"updatedAt":1703565245000,"content":"test222222222222222222222222","type":"PARAGRAPH","lessonId":1}]
2023-12-26 22:15:40 [Thread-48] ERROR org.example.ConnectionProcess - java.net.SocketException: Connection reset
2023-12-26 22:15:47 [main] INFO  org.example.Main - New client connected 127.0.0.1
2023-12-26 22:15:49 [Thread-49] INFO  org.example.utils.DBUtil - JDBC Driver Registered!
2023-12-26 22:15:49 [Thread-49] INFO  org.example.utils.DBUtil - Select statement: select * from exercises

2023-12-26 22:15:49 [Thread-49] INFO  org.example.ConnectionProcess - [{"id":1,"createdAt":1703565245000,"updatedAt":1703565245000,"content":"test","type":"REWRITE","lessonId":1},{"id":2,"createdAt":1703565245000,"updatedAt":1703565245000,"content":"test222222222222222222222222","type":"PARAGRAPH","lessonId":1}]
2023-12-26 22:25:29 [Thread-49] ERROR org.example.ConnectionProcess - java.net.SocketException: Connection reset
2023-12-26 22:25:37 [main] INFO  org.example.Main - New client connected 127.0.0.1
2023-12-26 22:25:39 [Thread-50] INFO  org.example.utils.DBUtil - JDBC Driver Registered!
2023-12-26 22:25:39 [Thread-50] INFO  org.example.utils.DBUtil - Select statement: select * from exercises

2023-12-26 22:25:39 [Thread-50] INFO  org.example.ConnectionProcess - [{"id":1,"createdAt":1703565245000,"updatedAt":1703565245000,"content":"test","type":"REWRITE","lessonId":1},{"id":2,"createdAt":1703565245000,"updatedAt":1703565245000,"content":"test222222222222222222222222","type":"PARAGRAPH","lessonId":1}]
2023-12-26 22:25:57 [Thread-50] ERROR org.example.ConnectionProcess - java.net.SocketException: Connection reset
2023-12-26 22:26:05 [main] INFO  org.example.Main - New client connected 127.0.0.1
2023-12-26 22:26:08 [Thread-51] INFO  org.example.utils.DBUtil - JDBC Driver Registered!
2023-12-26 22:26:08 [Thread-51] INFO  org.example.utils.DBUtil - Select statement: select * from exercises

2023-12-26 22:26:08 [Thread-51] INFO  org.example.ConnectionProcess - [{"id":1,"createdAt":1703565245000,"updatedAt":1703565245000,"content":"test","type":"REWRITE","lessonId":1},{"id":2,"createdAt":1703565245000,"updatedAt":1703565245000,"content":"test222222222222222222222222","type":"PARAGRAPH","lessonId":1}]
2023-12-26 22:29:06 [Thread-51] ERROR org.example.ConnectionProcess - java.net.SocketException: Connection reset
2023-12-26 22:29:13 [main] INFO  org.example.Main - New client connected 127.0.0.1
2023-12-26 22:29:15 [Thread-52] INFO  org.example.utils.DBUtil - JDBC Driver Registered!
2023-12-26 22:29:15 [Thread-52] INFO  org.example.utils.DBUtil - Select statement: select * from exercises

2023-12-26 22:29:15 [Thread-52] INFO  org.example.ConnectionProcess - [{"id":1,"createdAt":1703565245000,"updatedAt":1703565245000,"content":"test","type":"REWRITE","lessonId":1},{"id":2,"createdAt":1703565245000,"updatedAt":1703565245000,"content":"test222222222222222222222222","type":"PARAGRAPH","lessonId":1}]
2023-12-26 22:53:20 [Thread-52] ERROR org.example.ConnectionProcess - java.net.SocketException: Connection reset
2023-12-27 14:35:49 [main] INFO  org.example.Main - New client connected 127.0.0.1
2023-12-27 14:35:53 [Thread-0] INFO  org.example.utils.DBUtil - JDBC Driver Registered!
2023-12-27 14:35:54 [Thread-0] INFO  org.example.utils.DBUtil - Select statement: select * from exercises

2023-12-27 14:35:55 [Thread-0] INFO  org.example.ConnectionProcess - [{"id":1,"createdAt":1703565245000,"updatedAt":1703565245000,"content":"test","type":"REWRITE","lessonId":1},{"id":2,"createdAt":1703565245000,"updatedAt":1703565245000,"content":"test222222222222222222222222","type":"PARAGRAPH","lessonId":1}]
2023-12-27 14:36:00 [Thread-0] INFO  org.example.ConnectionProcess - "submit"
2023-12-27 14:40:41 [Thread-0] ERROR org.example.ConnectionProcess - java.net.SocketException: Connection reset
2023-12-27 14:40:47 [main] INFO  org.example.Main - New client connected 127.0.0.1
2023-12-27 14:40:55 [main] INFO  org.example.Main - New client connected 127.0.0.1
2023-12-27 14:40:58 [Thread-0] INFO  org.example.utils.DBUtil - JDBC Driver Registered!
2023-12-27 14:40:59 [Thread-0] INFO  org.example.utils.DBUtil - Select statement: select * from exercises

2023-12-27 14:40:59 [Thread-0] INFO  org.example.ConnectionProcess - [{"id":1,"createdAt":1703565245000,"updatedAt":1703565245000,"content":"test","type":"REWRITE","lessonId":1},{"id":2,"createdAt":1703565245000,"updatedAt":1703565245000,"content":"test222222222222222222222222","type":"PARAGRAPH","lessonId":1}]
2023-12-27 14:41:03 [Thread-0] INFO  org.example.ConnectionProcess - "{\"accountId\":\"abc\","
2023-12-27 14:42:47 [Thread-0] ERROR org.example.ConnectionProcess - java.net.SocketException: Connection reset
2023-12-27 14:42:53 [main] INFO  org.example.Main - New client connected 127.0.0.1
2023-12-27 14:42:55 [Thread-1] INFO  org.example.utils.DBUtil - JDBC Driver Registered!
2023-12-27 14:42:55 [Thread-1] INFO  org.example.utils.DBUtil - Select statement: select * from exercises

2023-12-27 14:42:55 [Thread-1] INFO  org.example.ConnectionProcess - [{"id":1,"createdAt":1703565245000,"updatedAt":1703565245000,"content":"test","type":"REWRITE","lessonId":1},{"id":2,"createdAt":1703565245000,"updatedAt":1703565245000,"content":"test222222222222222222222222","type":"PARAGRAPH","lessonId":1}]
2023-12-27 14:42:58 [Thread-1] INFO  org.example.ConnectionProcess - "{\"accountId\":\"abc\","
2023-12-27 14:44:09 [Thread-1] ERROR org.example.ConnectionProcess - java.net.SocketException: Connection reset
2023-12-27 14:44:15 [main] INFO  org.example.Main - New client connected 127.0.0.1
2023-12-27 14:44:18 [Thread-2] INFO  org.example.utils.DBUtil - JDBC Driver Registered!
2023-12-27 14:44:18 [Thread-2] INFO  org.example.utils.DBUtil - Select statement: select * from exercises

2023-12-27 14:44:18 [Thread-2] INFO  org.example.ConnectionProcess - [{"id":1,"createdAt":1703565245000,"updatedAt":1703565245000,"content":"test","type":"REWRITE","lessonId":1},{"id":2,"createdAt":1703565245000,"updatedAt":1703565245000,"content":"test222222222222222222222222","type":"PARAGRAPH","lessonId":1}]
2023-12-27 14:44:26 [Thread-2] INFO  org.example.ConnectionProcess - "{\"accountId\":\"abc\",\"exerciseId\":\"0\",\"content\":\"Work\"}"
2023-12-27 14:44:43 [Thread-2] INFO  org.example.ConnectionProcess - "{\"accountId\":\"abc\",\"exerciseId\":\"0\",\"content\":\"Ok"
2023-12-27 14:45:25 [Thread-2] ERROR org.example.ConnectionProcess - java.net.SocketException: Connection reset
2023-12-27 14:45:31 [main] INFO  org.example.Main - New client connected 127.0.0.1
2023-12-27 14:45:32 [Thread-3] INFO  org.example.utils.DBUtil - JDBC Driver Registered!
2023-12-27 14:45:32 [Thread-3] INFO  org.example.utils.DBUtil - Select statement: select * from exercises

2023-12-27 14:45:32 [Thread-3] INFO  org.example.ConnectionProcess - [{"id":1,"createdAt":1703565245000,"updatedAt":1703565245000,"content":"test","type":"REWRITE","lessonId":1},{"id":2,"createdAt":1703565245000,"updatedAt":1703565245000,"content":"test222222222222222222222222","type":"PARAGRAPH","lessonId":1}]
2023-12-27 14:45:37 [Thread-3] INFO  org.example.ConnectionProcess - "{\"accountId\":\"abc\",\"exerciseId\":\"1\",\"content\":\"Work\"}"
2023-12-27 14:47:36 [Thread-3] ERROR org.example.ConnectionProcess - java.net.SocketException: Connection reset
2023-12-27 14:47:42 [main] INFO  org.example.Main - New client connected 127.0.0.1
2023-12-27 14:47:45 [Thread-4] INFO  org.example.utils.DBUtil - JDBC Driver Registered!
2023-12-27 14:47:45 [Thread-4] INFO  org.example.utils.DBUtil - Select statement: select * from exercises

2023-12-27 14:47:45 [Thread-4] INFO  org.example.ConnectionProcess - [{"id":1,"createdAt":1703565245000,"updatedAt":1703565245000,"content":"test","type":"REWRITE","lessonId":1},{"id":2,"createdAt":1703565245000,"updatedAt":1703565245000,"content":"test222222222222222222222222","type":"PARAGRAPH","lessonId":1}]
2023-12-27 14:47:55 [Thread-4] INFO  org.example.ConnectionProcess - "{\"accountId\":\"abc\",\"exerciseId\":1,\"content\":\"Tao"
2023-12-27 14:52:58 [main] INFO  org.example.Main - New client connected 127.0.0.1
2023-12-27 14:53:01 [Thread-0] INFO  org.example.utils.DBUtil - JDBC Driver Registered!
2023-12-27 14:53:01 [Thread-0] INFO  org.example.utils.DBUtil - Select statement: select * from exercises

2023-12-27 14:53:02 [Thread-0] INFO  org.example.ConnectionProcess - [{"id":1,"createdAt":1703565245000,"updatedAt":1703565245000,"content":"test","type":"REWRITE","lessonId":1},{"id":2,"createdAt":1703565245000,"updatedAt":1703565245000,"content":"test222222222222222222222222","type":"PARAGRAPH","lessonId":1}]
2023-12-27 14:53:15 [Thread-0] INFO  org.example.ConnectionProcess - "{\"accountId\":\"abc\",\"exerciseId\":1,\"content\":\"tao"
2023-12-27 14:53:51 [main] INFO  org.example.Main - New client connected 127.0.0.1
2023-12-27 14:53:53 [Thread-0] INFO  org.example.utils.DBUtil - JDBC Driver Registered!
2023-12-27 14:53:54 [Thread-0] INFO  org.example.utils.DBUtil - Select statement: select * from exercises

2023-12-27 14:53:54 [Thread-0] INFO  org.example.ConnectionProcess - [{"id":1,"createdAt":1703565245000,"updatedAt":1703565245000,"content":"test","type":"REWRITE","lessonId":1},{"id":2,"createdAt":1703565245000,"updatedAt":1703565245000,"content":"test222222222222222222222222","type":"PARAGRAPH","lessonId":1}]
2023-12-27 14:54:04 [Thread-0] INFO  org.example.ConnectionProcess - "{\"accountId\":\"abc\",\"exerciseId\":1,\"content\":\"Worktrongbai1dumamay\"}"
2023-12-27 14:54:29 [main] INFO  org.example.Main - New client connected 127.0.0.1
2023-12-27 14:54:30 [Thread-0] INFO  org.example.utils.DBUtil - JDBC Driver Registered!
2023-12-27 14:54:30 [Thread-0] INFO  org.example.utils.DBUtil - Select statement: select * from exercises

2023-12-27 14:54:31 [Thread-0] INFO  org.example.ConnectionProcess - [{"id":1,"createdAt":1703565245000,"updatedAt":1703565245000,"content":"test","type":"REWRITE","lessonId":1},{"id":2,"createdAt":1703565245000,"updatedAt":1703565245000,"content":"test222222222222222222222222","type":"PARAGRAPH","lessonId":1}]
2023-12-27 14:54:37 [Thread-0] INFO  org.example.ConnectionProcess - "{\"accountId\":\"abc\",\"exerciseId\":1,\"content\":\"Du ma may dit con mem ay\"}"
2023-12-27 14:55:08 [Thread-0] ERROR org.example.ConnectionProcess - java.net.SocketException: Connection reset
2023-12-27 14:55:11 [main] INFO  org.example.Main - New client connected 127.0.0.1
2023-12-27 14:55:12 [Thread-1] INFO  org.example.utils.DBUtil - JDBC Driver Registered!
2023-12-27 14:55:12 [Thread-1] INFO  org.example.utils.DBUtil - Select statement: select * from exercises

2023-12-27 14:55:12 [Thread-1] INFO  org.example.ConnectionProcess - [{"id":1,"createdAt":1703565245000,"updatedAt":1703565245000,"content":"test","type":"REWRITE","lessonId":1},{"id":2,"createdAt":1703565245000,"updatedAt":1703565245000,"content":"test222222222222222222222222","type":"PARAGRAPH","lessonId":1}]
2023-12-27 14:55:24 [Thread-1] INFO  org.example.ConnectionProcess - "{\"accountId\":\"abc\",\"exerciseId\":2,\"content\":\"Hai bu cu dmmmmm\"}"
2023-12-27 15:03:39 [Thread-1] ERROR org.example.ConnectionProcess - java.net.SocketException: Connection reset
2023-12-27 15:03:46 [main] INFO  org.example.Main - New client connected 127.0.0.1
2023-12-27 15:03:47 [Thread-2] INFO  org.example.utils.DBUtil - JDBC Driver Registered!
2023-12-27 15:03:47 [Thread-2] INFO  org.example.utils.DBUtil - Select statement: select * from exercises

2023-12-27 15:03:47 [Thread-2] INFO  org.example.ConnectionProcess - [{"id":1,"createdAt":1703565245000,"updatedAt":1703565245000,"content":"test","type":"REWRITE","lessonId":1},{"id":2,"createdAt":1703565245000,"updatedAt":1703565245000,"content":"test222222222222222222222222","type":"PARAGRAPH","lessonId":1}]
2023-12-27 15:22:59 [Thread-2] ERROR org.example.ConnectionProcess - java.net.SocketException: Connection reset
2023-12-27 15:23:05 [main] INFO  org.example.Main - New client connected 127.0.0.1
2023-12-27 15:23:06 [Thread-3] INFO  org.example.utils.DBUtil - JDBC Driver Registered!
2023-12-27 15:23:07 [Thread-3] INFO  org.example.utils.DBUtil - Select statement: select * from exercises

2023-12-27 15:23:07 [Thread-3] INFO  org.example.ConnectionProcess - [{"id":1,"createdAt":1703565245000,"updatedAt":1703565245000,"content":"test","type":"REWRITE","lessonId":1},{"id":2,"createdAt":1703565245000,"updatedAt":1703565245000,"content":"test222222222222222222222222","type":"PARAGRAPH","lessonId":1}]
2023-12-27 15:26:03 [Thread-3] ERROR org.example.ConnectionProcess - java.net.SocketException: Connection reset
2023-12-27 15:26:09 [main] INFO  org.example.Main - New client connected 127.0.0.1
2023-12-27 15:26:15 [Thread-4] INFO  org.example.utils.DBUtil - JDBC Driver Registered!
2023-12-27 15:26:15 [Thread-4] INFO  org.example.utils.DBUtil - Select statement: select * from exercises

2023-12-27 15:26:15 [Thread-4] INFO  org.example.ConnectionProcess - [{"id":1,"createdAt":1703565245000,"updatedAt":1703565245000,"content":"test","type":"REWRITE","lessonId":1},{"id":2,"createdAt":1703565245000,"updatedAt":1703565245000,"content":"test222222222222222222222222","type":"PARAGRAPH","lessonId":1}]
2023-12-27 15:26:20 [Thread-4] INFO  org.example.ConnectionProcess - "{\"accountId\":1,\"exerciseId\":1,\"content\":\"Work asdasdasd asd d\"}"
2023-12-27 16:18:07 [main] INFO  org.example.Main - New client connected 127.0.0.1
2023-12-27 16:18:08 [Thread-0] INFO  org.example.utils.DBUtil - JDBC Driver Registered!
2023-12-27 16:18:09 [Thread-0] INFO  org.example.utils.DBUtil - Select statement: select * from exercises

2023-12-27 16:18:09 [Thread-0] INFO  org.example.ConnectionProcess - [{"id":1,"createdAt":1703565245000,"updatedAt":1703565245000,"content":"test","type":"REWRITE","lessonId":1},{"id":2,"createdAt":1703565245000,"updatedAt":1703565245000,"content":"test222222222222222222222222","type":"PARAGRAPH","lessonId":1}]
2023-12-27 16:18:11 [Thread-0] ERROR org.example.ConnectionProcess - com.fasterxml.jackson.databind.exc.UnrecognizedPropertyException: Unrecognized field "accountId" (class org.example.models.ExerciseWork), not marked as ignorable (9 known properties: "work", "score", "exerciseId", "feedback", "studentId", "id", "teacherId", "updatedAt", "createdAt"])
 at [Source: (String)"{"accountId":1,"exerciseId":1,"content":"Work"}"; line: 1, column: 15] (through reference chain: org.example.models.ExerciseWork["accountId"])
2023-12-27 16:21:07 [main] INFO  org.example.Main - New client connected 127.0.0.1
2023-12-27 16:21:09 [Thread-1] INFO  org.example.utils.DBUtil - JDBC Driver Registered!
2023-12-27 16:21:09 [Thread-1] INFO  org.example.utils.DBUtil - Select statement: select * from exercises

2023-12-27 16:21:09 [Thread-1] INFO  org.example.ConnectionProcess - [{"id":1,"createdAt":1703565245000,"updatedAt":1703565245000,"content":"test","type":"REWRITE","lessonId":1},{"id":2,"createdAt":1703565245000,"updatedAt":1703565245000,"content":"test222222222222222222222222","type":"PARAGRAPH","lessonId":1}]
2023-12-27 16:21:11 [Thread-1] INFO  org.example.utils.DBUtil - JDBC Driver Registered!
2023-12-27 16:21:11 [Thread-1] INFO  org.example.utils.DBUtil - Select statement: INSERT INTO exercise_work (`id`, `created_at`, `updated_at`, `work`, `feedback`, `score`, `exercise_id`, `student_id`, `teacher_id`) VALUES (1, 'Wed Dec 27 16:21:11 ICT 2023', NULL, 'Work', NULL, NULL, '1', 1, 2);

2023-12-27 16:21:11 [Thread-1] ERROR org.example.utils.DBUtil - [Ljava.lang.StackTraceElement;@200265e1
2023-12-27 16:21:11 [Thread-1] ERROR org.example.daos.RoleDAO - java.sql.SQLException: Statement.executeQuery() cannot issue statements that do not produce result sets.
2023-12-27 16:23:16 [main] INFO  org.example.Main - New client connected 127.0.0.1
2023-12-27 16:23:18 [Thread-0] INFO  org.example.utils.DBUtil - JDBC Driver Registered!
2023-12-27 16:23:19 [Thread-0] INFO  org.example.utils.DBUtil - Select statement: select * from exercises

2023-12-27 16:23:19 [Thread-0] INFO  org.example.ConnectionProcess - [{"id":1,"createdAt":1703565245000,"updatedAt":1703565245000,"content":"test","type":"REWRITE","lessonId":1},{"id":2,"createdAt":1703565245000,"updatedAt":1703565245000,"content":"test222222222222222222222222","type":"PARAGRAPH","lessonId":1}]
2023-12-27 16:23:21 [Thread-0] INFO  org.example.utils.DBUtil - JDBC Driver Registered!
2023-12-27 16:23:21 [Thread-0] ERROR org.example.utils.DBUtil - com.mysql.cj.jdbc.exceptions.MysqlDataTruncation: Data truncation: Incorrect datetime value: 'Wed Dec 27 16:23:21 ICT 2023' for column 'created_at' at row 1
2023-12-27 16:23:21 [Thread-0] ERROR org.example.daos.RoleDAO - com.mysql.cj.jdbc.exceptions.MysqlDataTruncation: Data truncation: Incorrect datetime value: 'Wed Dec 27 16:23:21 ICT 2023' for column 'created_at' at row 1
2023-12-27 16:25:50 [main] INFO  org.example.Main - New client connected 127.0.0.1
2023-12-27 16:25:52 [Thread-0] INFO  org.example.utils.DBUtil - JDBC Driver Registered!
2023-12-27 16:25:52 [Thread-0] INFO  org.example.utils.DBUtil - Select statement: select * from exercises

2023-12-27 16:25:53 [Thread-0] INFO  org.example.ConnectionProcess - [{"id":1,"createdAt":1703565245000,"updatedAt":1703565245000,"content":"test","type":"REWRITE","lessonId":1},{"id":2,"createdAt":1703565245000,"updatedAt":1703565245000,"content":"test222222222222222222222222","type":"PARAGRAPH","lessonId":1}]
2023-12-27 16:25:55 [Thread-0] INFO  org.example.utils.DBUtil - JDBC Driver Registered!
2023-12-27 16:25:55 [Thread-0] ERROR org.example.utils.DBUtil - java.sql.SQLIntegrityConstraintViolationException: Column 'updated_at' cannot be null
2023-12-27 16:25:55 [Thread-0] ERROR org.example.daos.RoleDAO - java.sql.SQLIntegrityConstraintViolationException: Column 'updated_at' cannot be null
2023-12-27 16:26:27 [main] INFO  org.example.Main - New client connected 127.0.0.1
2023-12-27 16:26:29 [Thread-0] INFO  org.example.utils.DBUtil - JDBC Driver Registered!
2023-12-27 16:26:29 [Thread-0] INFO  org.example.utils.DBUtil - Select statement: select * from exercises

2023-12-27 16:26:29 [Thread-0] INFO  org.example.ConnectionProcess - [{"id":1,"createdAt":1703565245000,"updatedAt":1703565245000,"content":"test","type":"REWRITE","lessonId":1},{"id":2,"createdAt":1703565245000,"updatedAt":1703565245000,"content":"test222222222222222222222222","type":"PARAGRAPH","lessonId":1}]
2023-12-27 16:26:31 [Thread-0] INFO  org.example.utils.DBUtil - JDBC Driver Registered!
2023-12-27 16:26:31 [Thread-0] ERROR org.example.utils.DBUtil - java.sql.SQLSyntaxErrorException: You have an error in your SQL syntax; check the manual that corresponds to your MySQL server version for the right syntax to use near '16:26:31, 'Work', NULL, NULL, '1', 1, 2)' at line 1
2023-12-27 16:26:31 [Thread-0] ERROR org.example.daos.RoleDAO - java.sql.SQLSyntaxErrorException: You have an error in your SQL syntax; check the manual that corresponds to your MySQL server version for the right syntax to use near '16:26:31, 'Work', NULL, NULL, '1', 1, 2)' at line 1
2023-12-27 16:28:01 [main] INFO  org.example.Main - New client connected 127.0.0.1
2023-12-27 16:28:03 [Thread-0] INFO  org.example.utils.DBUtil - JDBC Driver Registered!
2023-12-27 16:28:04 [Thread-0] INFO  org.example.utils.DBUtil - Select statement: select * from exercises

2023-12-27 16:28:04 [Thread-0] INFO  org.example.ConnectionProcess - [{"id":1,"createdAt":1703565245000,"updatedAt":1703565245000,"content":"test","type":"REWRITE","lessonId":1},{"id":2,"createdAt":1703565245000,"updatedAt":1703565245000,"content":"test222222222222222222222222","type":"PARAGRAPH","lessonId":1}]
2023-12-27 16:29:11 [main] INFO  org.example.Main - New client connected 127.0.0.1
2023-12-27 16:29:13 [Thread-0] INFO  org.example.utils.DBUtil - JDBC Driver Registered!
2023-12-27 16:29:14 [Thread-0] INFO  org.example.utils.DBUtil - Select statement: select * from exercises

2023-12-27 16:29:14 [Thread-0] INFO  org.example.ConnectionProcess - [{"id":1,"createdAt":1703565245000,"updatedAt":1703565245000,"content":"test","type":"REWRITE","lessonId":1},{"id":2,"createdAt":1703565245000,"updatedAt":1703565245000,"content":"test222222222222222222222222","type":"PARAGRAPH","lessonId":1}]
